[20-07-2023 16:47:00.210 usr] Выполнена настройка интерфейса ПТО release 146 build 20210403 с транспортом: Norsi-Trans Transport Library version 1.21-308 build 20210403 protocol 1, точка web-server, ЛА ПТО web-server
[20-07-2023 16:47:00.210 err] unable to specify this point ID as peer ID
[20-07-2023 16:47:00.210 usr] Завершено конфигурирование модуля (процесс 140134)
[20-07-2023 16:47:00.210 err] unable to specify this point ID as peer ID
[20-07-2023 16:48:12.357 usr] Выполнена настройка интерфейса ПТО release 146 build 20210403 с транспортом: Norsi-Trans Transport Library version 1.21-308 build 20210403 protocol 1, точка web-server, ЛА ПТО web-server
[20-07-2023 16:48:12.357 err] unable to specify this point ID as peer ID
[20-07-2023 16:48:12.357 usr] Завершено конфигурирование модуля (процесс 140346)
[20-07-2023 16:48:12.357 err] unable to specify this point ID as peer ID
[20-07-2023 16:49:49.391 usr] Выполнена настройка интерфейса ПТО release 146 build 20210403 с транспортом: Norsi-Trans Transport Library version 1.21-308 build 20210403 protocol 1, точка web-server, ЛА ПТО web-server
[20-07-2023 16:49:49.391 err] unable to specify this point ID as peer ID
[20-07-2023 16:49:49.391 usr] Завершено конфигурирование модуля (процесс 140581)
[20-07-2023 16:49:49.391 err] unable to specify this point ID as peer ID
[20-07-2023 16:49:50.392 err] unable to write stats with error code -3
[20-07-2023 16:49:52.170 err] select has been interrupted
[20-07-2023 16:49:52.170 usr] Остановка модуля (процесс 140581, точка web-server)...
[20-07-2023 16:49:52.170 err] unable to specify this point ID as peer ID
[20-07-2023 16:49:52.170 usr] Модуль остановлен
[20-07-2023 16:49:52.170 err] unable to specify this point ID as peer ID
[20-07-2023 16:49:52.170 err] save cache(2012006A, web-server): cache is empty, removing files
[20-07-2023 16:49:52.170 err] unable to write stats with error code -3
[20-07-2023 16:49:52.170 err] terminating point web-server...
[20-07-2023 16:49:59.599 usr] Выполнена настройка интерфейса ПТО release 146 build 20210403 с транспортом: Norsi-Trans Transport Library version 1.21-308 build 20210403 protocol 1, точка web-server, ЛА ПТО web-server
[20-07-2023 16:49:59.600 err] unable to specify this point ID as peer ID
[20-07-2023 16:49:59.600 usr] Завершено конфигурирование модуля (процесс 140601)
[20-07-2023 16:49:59.600 err] unable to specify this point ID as peer ID
[20-07-2023 16:50:00.601 err] unable to write stats with error code -3
[20-07-2023 16:50:01.433 err] select has been interrupted
[20-07-2023 16:50:01.434 usr] Остановка модуля (процесс 140601, точка web-server)...
[20-07-2023 16:50:01.434 err] unable to specify this point ID as peer ID
[20-07-2023 16:50:01.434 usr] Модуль остановлен
[20-07-2023 16:50:01.434 err] unable to specify this point ID as peer ID
[20-07-2023 16:50:01.434 err] save cache(2012006A, web-server): cache is empty, removing files
[20-07-2023 16:50:01.434 err] unable to write stats with error code -3
[20-07-2023 16:50:01.434 err] terminating point web-server...
[20-07-2023 16:50:04.482 usr] Выполнена настройка интерфейса ПТО release 146 build 20210403 с транспортом: Norsi-Trans Transport Library version 1.21-308 build 20210403 protocol 1, точка web-server, ЛА ПТО web-server
[20-07-2023 16:50:04.482 err] unable to specify this point ID as peer ID
[20-07-2023 16:50:04.482 usr] Завершено конфигурирование модуля (процесс 140612)
[20-07-2023 16:50:04.482 err] unable to specify this point ID as peer ID
[20-07-2023 16:50:05.483 err] unable to write stats with error code -3
[20-07-2023 16:50:05.835 err] select has been interrupted
[20-07-2023 16:50:05.835 usr] Остановка модуля (процесс 140612, точка web-server)...
[20-07-2023 16:50:05.835 err] unable to specify this point ID as peer ID
[20-07-2023 16:50:05.835 usr] Модуль остановлен
[20-07-2023 16:50:05.835 err] unable to specify this point ID as peer ID
[20-07-2023 16:50:05.835 err] save cache(2012006A, web-server): cache is empty, removing files
[20-07-2023 16:50:05.835 err] unable to write stats with error code -3
[20-07-2023 16:50:05.835 err] terminating point web-server...
[20-07-2023 16:50:11.210 usr] Выполнена настройка интерфейса ПТО release 146 build 20210403 с транспортом: Norsi-Trans Transport Library version 1.21-308 build 20210403 protocol 1, точка web-server, ЛА ПТО web-server
[20-07-2023 16:50:11.210 err] unable to specify this point ID as peer ID
[20-07-2023 16:50:11.211 usr] Завершено конфигурирование модуля (процесс 140631)
[20-07-2023 16:50:11.211 err] unable to specify this point ID as peer ID
[20-07-2023 16:50:12.212 err] unable to write stats with error code -3
[20-07-2023 16:50:12.845 err] select has been interrupted
[20-07-2023 16:50:12.845 usr] Остановка модуля (процесс 140631, точка web-server)...
[20-07-2023 16:50:12.845 err] unable to specify this point ID as peer ID
[20-07-2023 16:50:12.845 usr] Модуль остановлен
[20-07-2023 16:50:12.845 err] unable to specify this point ID as peer ID
[20-07-2023 16:50:12.845 err] save cache(2012006A, web-server): cache is empty, removing files
[20-07-2023 16:50:12.845 err] unable to write stats with error code -3
[20-07-2023 16:50:12.845 err] terminating point web-server...
[20-07-2023 16:50:32.607 usr] Выполнена настройка интерфейса ПТО release 146 build 20210403 с транспортом: Norsi-Trans Transport Library version 1.21-308 build 20210403 protocol 1, точка web-server, ЛА ПТО web-server
[20-07-2023 16:50:32.608 err] unable to specify this point ID as peer ID
[20-07-2023 16:50:32.608 usr] Завершено конфигурирование модуля (процесс 140648)
[20-07-2023 16:50:32.608 err] unable to specify this point ID as peer ID
[20-07-2023 16:50:33.609 err] unable to write stats with error code -3
[20-07-2023 16:50:35.249 err] select has been interrupted
[20-07-2023 16:50:35.249 usr] Остановка модуля (процесс 140648, точка web-server)...
[20-07-2023 16:50:35.249 err] unable to specify this point ID as peer ID
[20-07-2023 16:50:35.250 usr] Модуль остановлен
[20-07-2023 16:50:35.250 err] unable to specify this point ID as peer ID
[20-07-2023 16:50:35.250 err] save cache(2012006A, web-server): cache is empty, removing files
[20-07-2023 16:50:35.250 err] unable to write stats with error code -3
[20-07-2023 16:50:35.250 err] terminating point web-server...
[20-07-2023 16:50:47.566 usr] Выполнена настройка интерфейса ПТО release 146 build 20210403 с транспортом: Norsi-Trans Transport Library version 1.21-308 build 20210403 protocol 1, точка web-server, ЛА ПТО web-server
[20-07-2023 16:50:47.566 err] unable to specify this point ID as peer ID
[20-07-2023 16:50:47.566 usr] Завершено конфигурирование модуля (процесс 140667)
[20-07-2023 16:50:47.566 err] unable to specify this point ID as peer ID
[20-07-2023 16:50:48.567 err] unable to write stats with error code -3
[20-07-2023 16:50:51.498 err] select has been interrupted
[20-07-2023 16:50:51.498 usr] Остановка модуля (процесс 140667, точка web-server)...
[20-07-2023 16:50:51.498 err] unable to specify this point ID as peer ID
[20-07-2023 16:50:51.498 usr] Модуль остановлен
[20-07-2023 16:50:51.498 err] unable to specify this point ID as peer ID
[20-07-2023 16:50:51.498 err] save cache(2012006A, web-server): cache is empty, removing files
[20-07-2023 16:50:51.498 err] unable to write stats with error code -3
[20-07-2023 16:50:51.498 err] terminating point web-server...
[20-07-2023 16:51:09.121 usr] Выполнена настройка интерфейса ПТО release 146 build 20210403 с транспортом: Norsi-Trans Transport Library version 1.21-308 build 20210403 protocol 1, точка web-server, ЛА ПТО web-server
[20-07-2023 16:51:09.121 err] unable to specify this point ID as peer ID
[20-07-2023 16:51:09.121 usr] Завершено конфигурирование модуля (процесс 140679)
[20-07-2023 16:51:09.121 err] unable to specify this point ID as peer ID
[20-07-2023 16:51:10.123 err] unable to write stats with error code -3
[20-07-2023 16:51:11.074 err] select has been interrupted
[20-07-2023 16:51:11.074 usr] Остановка модуля (процесс 140679, точка web-server)...
[20-07-2023 16:51:11.074 err] unable to specify this point ID as peer ID
[20-07-2023 16:51:11.074 usr] Модуль остановлен
[20-07-2023 16:51:11.074 err] unable to specify this point ID as peer ID
[20-07-2023 16:51:11.074 err] save cache(2012006A, web-server): cache is empty, removing files
[20-07-2023 16:51:11.074 err] unable to write stats with error code -3
[20-07-2023 16:51:11.074 err] terminating point web-server...
[20-07-2023 16:51:31.499 usr] Выполнена настройка интерфейса ПТО release 146 build 20210403 с транспортом: Norsi-Trans Transport Library version 1.21-308 build 20210403 protocol 1, точка web-server, ЛА ПТО web-server
[20-07-2023 16:51:31.499 err] unable to specify this point ID as peer ID
[20-07-2023 16:51:31.499 usr] Завершено конфигурирование модуля (процесс 140725)
[20-07-2023 16:51:31.499 err] unable to specify this point ID as peer ID
[20-07-2023 16:51:32.500 err] unable to write stats with error code -3
[20-07-2023 16:51:35.503 err] unable to write stats with error code -3
[20-07-2023 16:51:35.750 err] select has been interrupted
[20-07-2023 16:51:35.750 usr] Остановка модуля (процесс 140725, точка web-server)...
[20-07-2023 16:51:35.750 err] unable to specify this point ID as peer ID
[20-07-2023 16:51:35.750 usr] Модуль остановлен
[20-07-2023 16:51:35.750 err] unable to specify this point ID as peer ID
[20-07-2023 16:51:35.750 err] save cache(2012006A, web-server): cache is empty, removing files
[20-07-2023 16:51:35.750 err] unable to write stats with error code -3
[20-07-2023 16:51:35.750 err] terminating point web-server...
[20-07-2023 16:53:04.183 usr] Выполнена настройка интерфейса ПТО release 146 build 20210403 с транспортом: Norsi-Trans Transport Library version 1.21-308 build 20210403 protocol 1, точка web-server, ЛА ПТО web-server
[20-07-2023 16:53:04.184 err] unable to specify this point ID as peer ID
[20-07-2023 16:53:04.184 usr] Завершено конфигурирование модуля (процесс 140749)
[20-07-2023 16:53:04.184 err] unable to specify this point ID as peer ID
[20-07-2023 16:53:05.185 err] unable to write stats with error code -3
[20-07-2023 16:53:07.002 err] select has been interrupted
[20-07-2023 16:53:07.002 usr] Остановка модуля (процесс 140749, точка web-server)...
[20-07-2023 16:53:07.002 err] unable to specify this point ID as peer ID
[20-07-2023 16:53:07.002 usr] Модуль остановлен
[20-07-2023 16:53:07.002 err] unable to specify this point ID as peer ID
[20-07-2023 16:53:07.002 err] save cache(2012006A, web-server): cache is empty, removing files
[20-07-2023 16:53:07.002 err] unable to write stats with error code -3
[20-07-2023 16:53:07.002 err] terminating point web-server...
[20-07-2023 16:58:41.365 usr] Выполнена настройка интерфейса ПТО release 146 build 20210403 с транспортом: Norsi-Trans Transport Library version 1.21-308 build 20210403 protocol 1, точка web-server, ЛА ПТО web-server
[20-07-2023 16:58:41.365 err] unable to specify this point ID as peer ID
[20-07-2023 16:58:41.365 usr] Завершено конфигурирование модуля (процесс 140862)
[20-07-2023 16:58:41.365 err] unable to specify this point ID as peer ID
[20-07-2023 16:58:42.366 err] unable to write stats with error code -3
[20-07-2023 16:58:44.256 err] select has been interrupted
[20-07-2023 16:58:44.256 usr] Остановка модуля (процесс 140862, точка web-server)...
[20-07-2023 16:58:44.256 err] unable to specify this point ID as peer ID
[20-07-2023 16:58:44.257 usr] Модуль остановлен
[20-07-2023 16:58:44.257 err] unable to specify this point ID as peer ID
[20-07-2023 16:58:44.257 err] save cache(2012006A, web-server): cache is empty, removing files
[20-07-2023 16:58:44.257 err] unable to write stats with error code -3
[20-07-2023 16:58:44.257 err] terminating point web-server...
[20-07-2023 16:59:09.565 usr] Выполнена настройка интерфейса ПТО release 146 build 20210403 с транспортом: Norsi-Trans Transport Library version 1.21-308 build 20210403 protocol 1, точка web-server, ЛА ПТО web-server
[20-07-2023 16:59:09.565 err] unable to specify this point ID as peer ID
[20-07-2023 16:59:09.565 usr] Завершено конфигурирование модуля (процесс 140884)
[20-07-2023 16:59:09.565 err] unable to specify this point ID as peer ID
[20-07-2023 16:59:10.566 err] unable to write stats with error code -3
[20-07-2023 16:59:13.569 err] unable to write stats with error code -3
[20-07-2023 16:59:16.572 err] unable to write stats with error code -3
[20-07-2023 16:59:16.992 err] select has been interrupted
[20-07-2023 16:59:16.992 usr] Остановка модуля (процесс 140884, точка web-server)...
[20-07-2023 16:59:16.992 err] unable to specify this point ID as peer ID
[20-07-2023 16:59:16.992 usr] Модуль остановлен
[20-07-2023 16:59:16.992 err] unable to specify this point ID as peer ID
[20-07-2023 16:59:16.992 err] save cache(2012006A, web-server): cache is empty, removing files
[20-07-2023 16:59:16.992 err] unable to write stats with error code -3
[20-07-2023 16:59:16.992 err] terminating point web-server...
