[20-07-2023 17:00:04.444 usr] Выполнена настройка интерфейса ПТО release 146 build 20210403 с транспортом: Norsi-Trans Transport Library version 1.21-308 build 20210403 protocol 1, точка web-server, ЛА ПТО web-server
[20-07-2023 17:00:04.444 err] unable to specify this point ID as peer ID
[20-07-2023 17:00:04.444 usr] Завершено конфигурирование модуля (процесс 140944)
[20-07-2023 17:00:04.444 err] unable to specify this point ID as peer ID
[20-07-2023 17:00:05.445 err] unable to write stats with error code -3
[20-07-2023 17:00:08.448 err] unable to write stats with error code -3
[20-07-2023 17:00:11.451 err] unable to write stats with error code -3
[20-07-2023 17:00:14.454 err] unable to write stats with error code -3
[20-07-2023 17:00:14.800 err] select has been interrupted
[20-07-2023 17:00:14.800 usr] Остановка модуля (процесс 140944, точка web-server)...
[20-07-2023 17:00:14.800 err] unable to specify this point ID as peer ID
[20-07-2023 17:00:14.800 usr] Модуль остановлен
[20-07-2023 17:00:14.800 err] unable to specify this point ID as peer ID
[20-07-2023 17:00:14.800 err] save cache(2012006A, web-server): cache is empty, removing files
[20-07-2023 17:00:14.800 err] unable to write stats with error code -3
[20-07-2023 17:00:14.800 err] terminating point web-server...
[20-07-2023 17:00:48.735 usr] Выполнена настройка интерфейса ПТО release 146 build 20210403 с транспортом: Norsi-Trans Transport Library version 1.21-308 build 20210403 protocol 1, точка web-server, ЛА ПТО web-server
[20-07-2023 17:00:48.735 err] unable to specify this point ID as peer ID
[20-07-2023 17:00:48.735 usr] Завершено конфигурирование модуля (процесс 140990)
[20-07-2023 17:00:48.735 err] unable to specify this point ID as peer ID
[20-07-2023 17:00:49.736 err] unable to write stats with error code -3
[20-07-2023 17:00:52.376 err] select has been interrupted
[20-07-2023 17:00:52.376 usr] Остановка модуля (процесс 140990, точка web-server)...
[20-07-2023 17:00:52.376 err] unable to specify this point ID as peer ID
[20-07-2023 17:00:52.376 usr] Модуль остановлен
[20-07-2023 17:00:52.376 err] unable to specify this point ID as peer ID
[20-07-2023 17:00:52.376 err] save cache(2012006A, web-server): cache is empty, removing files
[20-07-2023 17:00:52.376 err] unable to write stats with error code -3
[20-07-2023 17:00:52.376 err] terminating point web-server...
[20-07-2023 17:01:11.892 usr] Выполнена настройка интерфейса ПТО release 146 build 20210403 с транспортом: Norsi-Trans Transport Library version 1.21-308 build 20210403 protocol 1, точка web-server, ЛА ПТО web-server
[20-07-2023 17:01:11.893 err] unable to specify this point ID as peer ID
[20-07-2023 17:01:11.893 usr] Завершено конфигурирование модуля (процесс 141034)
[20-07-2023 17:01:11.893 err] unable to specify this point ID as peer ID
[20-07-2023 17:01:12.894 err] unable to write stats with error code -3
[20-07-2023 17:01:15.897 err] unable to write stats with error code -3
[20-07-2023 17:01:18.900 err] unable to write stats with error code -3
[20-07-2023 17:01:21.903 err] unable to write stats with error code -3
[20-07-2023 17:01:24.905 err] unable to write stats with error code -3
[20-07-2023 17:01:27.908 err] unable to write stats with error code -3
[20-07-2023 17:01:30.911 err] unable to write stats with error code -3
[20-07-2023 17:01:33.914 err] unable to write stats with error code -3
[20-07-2023 17:01:36.917 err] unable to write stats with error code -3
[20-07-2023 17:01:38.952 err] select has been interrupted
[20-07-2023 17:01:38.952 usr] Остановка модуля (процесс 141034, точка web-server)...
[20-07-2023 17:01:38.952 err] unable to specify this point ID as peer ID
[20-07-2023 17:01:38.952 usr] Модуль остановлен
[20-07-2023 17:01:38.952 err] unable to specify this point ID as peer ID
[20-07-2023 17:01:38.952 err] save cache(2012006A, web-server): cache is empty, removing files
[20-07-2023 17:01:38.952 err] unable to write stats with error code -3
[20-07-2023 17:01:38.952 err] terminating point web-server...
[20-07-2023 17:01:41.320 usr] Выполнена настройка интерфейса ПТО release 146 build 20210403 с транспортом: Norsi-Trans Transport Library version 1.21-308 build 20210403 protocol 1, точка web-server, ЛА ПТО web-server
[20-07-2023 17:01:41.320 err] unable to specify this point ID as peer ID
[20-07-2023 17:01:41.320 usr] Завершено конфигурирование модуля (процесс 141174)
[20-07-2023 17:01:41.320 err] unable to specify this point ID as peer ID
[20-07-2023 17:01:42.322 err] unable to write stats with error code -3
[20-07-2023 17:01:43.392 err] select has been interrupted
[20-07-2023 17:01:43.393 usr] Остановка модуля (процесс 141174, точка web-server)...
[20-07-2023 17:01:43.393 err] unable to specify this point ID as peer ID
[20-07-2023 17:01:43.393 usr] Модуль остановлен
[20-07-2023 17:01:43.393 err] unable to specify this point ID as peer ID
[20-07-2023 17:01:43.393 err] save cache(2012006A, web-server): cache is empty, removing files
[20-07-2023 17:01:43.393 err] unable to write stats with error code -3
[20-07-2023 17:01:43.393 err] terminating point web-server...
[20-07-2023 17:02:15.455 usr] Выполнена настройка интерфейса ПТО release 146 build 20210403 с транспортом: Norsi-Trans Transport Library version 1.21-308 build 20210403 protocol 1, точка web-server, ЛА ПТО web-server
[20-07-2023 17:02:15.455 err] unable to specify this point ID as peer ID
[20-07-2023 17:02:15.455 usr] Завершено конфигурирование модуля (процесс 141217)
[20-07-2023 17:02:15.455 err] unable to specify this point ID as peer ID
[20-07-2023 17:02:16.457 err] unable to write stats with error code -3
[20-07-2023 17:02:19.460 err] unable to write stats with error code -3
[20-07-2023 17:02:21.464 err] select has been interrupted
[20-07-2023 17:02:21.464 usr] Остановка модуля (процесс 141217, точка web-server)...
[20-07-2023 17:02:21.464 err] unable to specify this point ID as peer ID
[20-07-2023 17:02:21.464 usr] Модуль остановлен
[20-07-2023 17:02:21.464 err] unable to specify this point ID as peer ID
[20-07-2023 17:02:21.465 err] save cache(2012006A, web-server): cache is empty, removing files
[20-07-2023 17:02:21.465 err] unable to write stats with error code -3
[20-07-2023 17:02:21.465 err] terminating point web-server...
[20-07-2023 17:03:17.365 usr] Выполнена настройка интерфейса ПТО release 146 build 20210403 с транспортом: Norsi-Trans Transport Library version 1.21-308 build 20210403 protocol 1, точка web-server, ЛА ПТО web-server
[20-07-2023 17:03:17.365 err] unable to specify this point ID as peer ID
[20-07-2023 17:03:17.365 usr] Завершено конфигурирование модуля (процесс 141297)
[20-07-2023 17:03:17.365 err] unable to specify this point ID as peer ID
[20-07-2023 17:03:18.366 err] unable to write stats with error code -3
[20-07-2023 17:03:21.369 err] unable to write stats with error code -3
[20-07-2023 17:03:24.372 err] unable to write stats with error code -3
[20-07-2023 17:03:27.375 err] unable to write stats with error code -3
[20-07-2023 17:03:30.378 err] unable to write stats with error code -3
[20-07-2023 17:03:33.381 err] unable to write stats with error code -3
[20-07-2023 17:03:36.384 err] unable to write stats with error code -3
[20-07-2023 17:03:39.387 err] unable to write stats with error code -3
[20-07-2023 17:03:42.390 err] unable to write stats with error code -3
[20-07-2023 17:03:45.393 err] unable to write stats with error code -3
[20-07-2023 17:03:48.396 err] unable to write stats with error code -3
[20-07-2023 17:03:51.399 err] unable to write stats with error code -3
[20-07-2023 17:03:54.402 err] unable to write stats with error code -3
[20-07-2023 17:03:55.904 err] select has been interrupted
[20-07-2023 17:03:55.904 usr] Остановка модуля (процесс 141297, точка web-server)...
[20-07-2023 17:03:55.904 err] unable to specify this point ID as peer ID
[20-07-2023 17:03:55.904 usr] Модуль остановлен
[20-07-2023 17:03:55.904 err] unable to specify this point ID as peer ID
[20-07-2023 17:03:55.904 err] save cache(2012006A, web-server): cache is empty, removing files
[20-07-2023 17:03:55.904 err] unable to write stats with error code -3
[20-07-2023 17:03:55.904 err] terminating point web-server...
