[20-07-2023 13:39:54.404 usr] Выполнена настройка интерфейса ПТО release 146 build 20210403 с транспортом: Norsi-Trans Transport Library version 1.21-308 build 20210403 protocol 1, точка web-server, ЛА ПТО web-server
[20-07-2023 13:39:54.404 err] unable to specify this point ID as peer ID
[20-07-2023 13:39:54.404 usr] Завершено конфигурирование модуля (процесс 131679)
[20-07-2023 13:39:54.404 err] unable to specify this point ID as peer ID
[20-07-2023 13:39:55.406 err] unable to write stats with error code -3
[20-07-2023 13:39:58.408 err] unable to write stats with error code -3
[20-07-2023 13:40:01.411 err] unable to write stats with error code -3
[20-07-2023 13:40:04.412 err] unable to write stats with error code -3
[20-07-2023 13:40:07.415 err] unable to write stats with error code -3
[20-07-2023 13:40:10.418 err] unable to write stats with error code -3
[20-07-2023 13:40:13.421 err] unable to write stats with error code -3
[20-07-2023 13:40:16.423 err] unable to write stats with error code -3
[20-07-2023 13:40:19.426 err] unable to write stats with error code -3
[20-07-2023 13:40:22.429 err] unable to write stats with error code -3
[20-07-2023 13:40:25.432 err] unable to write stats with error code -3
[20-07-2023 13:40:28.435 err] unable to write stats with error code -3
[20-07-2023 13:40:30.621 err] select has been interrupted
[20-07-2023 13:40:30.621 usr] Остановка модуля (процесс 131679, точка web-server)...
[20-07-2023 13:40:30.621 err] unable to specify this point ID as peer ID
[20-07-2023 13:40:30.622 usr] Модуль остановлен
[20-07-2023 13:40:30.622 err] unable to specify this point ID as peer ID
[20-07-2023 13:40:30.622 err] save cache(2012006A, web-server): cache is empty, removing files
[20-07-2023 13:40:30.622 err] unable to write stats with error code -3
[20-07-2023 13:40:30.622 err] terminating point web-server...
[20-07-2023 13:41:28.417 usr] Выполнена настройка интерфейса ПТО release 146 build 20210403 с транспортом: Norsi-Trans Transport Library version 1.21-308 build 20210403 protocol 1, точка web-server, ЛА ПТО web-server
[20-07-2023 13:41:28.417 err] unable to specify this point ID as peer ID
[20-07-2023 13:41:28.417 usr] Завершено конфигурирование модуля (процесс 131875)
[20-07-2023 13:41:28.417 err] unable to specify this point ID as peer ID
[20-07-2023 13:41:37.472 usr] Выполнена настройка интерфейса ПТО release 146 build 20210403 с транспортом: Norsi-Trans Transport Library version 1.21-308 build 20210403 protocol 1, точка web-server, ЛА ПТО web-server
[20-07-2023 13:41:37.472 err] unable to specify this point ID as peer ID
[20-07-2023 13:41:37.472 usr] Завершено конфигурирование модуля (процесс 131887)
[20-07-2023 13:41:37.472 err] unable to specify this point ID as peer ID
[20-07-2023 13:42:06.895 usr] Выполнена настройка интерфейса ПТО release 146 build 20210403 с транспортом: Norsi-Trans Transport Library version 1.21-308 build 20210403 protocol 1, точка web-server, ЛА ПТО web-server
[20-07-2023 13:42:06.895 err] unable to specify this point ID as peer ID
[20-07-2023 13:42:06.896 usr] Завершено конфигурирование модуля (процесс 131976)
[20-07-2023 13:42:06.896 err] unable to specify this point ID as peer ID
[20-07-2023 13:42:13.677 usr] Выполнена настройка интерфейса ПТО release 146 build 20210403 с транспортом: Norsi-Trans Transport Library version 1.21-308 build 20210403 protocol 1, точка web-server, ЛА ПТО web-server
[20-07-2023 13:42:13.677 err] unable to specify this point ID as peer ID
[20-07-2023 13:42:13.677 usr] Завершено конфигурирование модуля (процесс 132037)
[20-07-2023 13:42:13.677 err] unable to specify this point ID as peer ID
[20-07-2023 13:42:26.284 usr] Выполнена настройка интерфейса ПТО release 146 build 20210403 с транспортом: Norsi-Trans Transport Library version 1.21-308 build 20210403 protocol 1, точка web-server, ЛА ПТО web-server
[20-07-2023 13:42:26.284 err] unable to specify this point ID as peer ID
[20-07-2023 13:42:26.284 usr] Завершено конфигурирование модуля (процесс 132073)
[20-07-2023 13:42:26.284 err] unable to specify this point ID as peer ID
[20-07-2023 13:42:29.081 usr] Выполнена настройка интерфейса ПТО release 146 build 20210403 с транспортом: Norsi-Trans Transport Library version 1.21-308 build 20210403 protocol 1, точка web-server, ЛА ПТО web-server
[20-07-2023 13:42:29.081 err] unable to specify this point ID as peer ID
[20-07-2023 13:42:29.081 usr] Завершено конфигурирование модуля (процесс 132083)
[20-07-2023 13:42:29.081 err] unable to specify this point ID as peer ID
[20-07-2023 13:42:30.879 usr] Выполнена настройка интерфейса ПТО release 146 build 20210403 с транспортом: Norsi-Trans Transport Library version 1.21-308 build 20210403 protocol 1, точка web-server, ЛА ПТО web-server
[20-07-2023 13:42:30.879 err] unable to specify this point ID as peer ID
[20-07-2023 13:42:30.879 usr] Завершено конфигурирование модуля (процесс 132095)
[20-07-2023 13:42:30.879 err] unable to specify this point ID as peer ID
[20-07-2023 13:42:49.086 usr] Выполнена настройка интерфейса ПТО release 146 build 20210403 с транспортом: Norsi-Trans Transport Library version 1.21-308 build 20210403 protocol 1, точка web-server, ЛА ПТО web-server
[20-07-2023 13:42:49.086 err] unable to specify this point ID as peer ID
[20-07-2023 13:42:49.086 usr] Завершено конфигурирование модуля (процесс 132112)
[20-07-2023 13:42:49.086 err] unable to specify this point ID as peer ID
[20-07-2023 13:42:58.543 usr] Выполнена настройка интерфейса ПТО release 146 build 20210403 с транспортом: Norsi-Trans Transport Library version 1.21-308 build 20210403 protocol 1, точка web-server, ЛА ПТО web-server
[20-07-2023 13:42:58.543 err] unable to specify this point ID as peer ID
[20-07-2023 13:42:58.543 usr] Завершено конфигурирование модуля (процесс 132133)
[20-07-2023 13:42:58.543 err] unable to specify this point ID as peer ID
[20-07-2023 13:44:11.456 usr] Выполнена настройка интерфейса ПТО release 146 build 20210403 с транспортом: Norsi-Trans Transport Library version 1.21-308 build 20210403 protocol 1, точка web-server, ЛА ПТО web-server
[20-07-2023 13:44:11.456 err] unable to specify this point ID as peer ID
[20-07-2023 13:44:11.456 usr] Завершено конфигурирование модуля (процесс 132209)
[20-07-2023 13:44:11.456 err] unable to specify this point ID as peer ID
