[27-07-2023 11:03:08.411 usr] Выполнена настройка интерфейса ПТО release 146 build 20210403 с транспортом: Norsi-Trans Transport Library version 1.21-308 build 20210403 protocol 1, точка web-server, ЛА ПТО web-server
[27-07-2023 11:03:08.411 err] unable to specify this point ID as peer ID
[27-07-2023 11:03:08.411 usr] Завершено конфигурирование модуля (процесс 43468)
[27-07-2023 11:03:08.411 err] unable to specify this point ID as peer ID
[27-07-2023 11:06:14.253 usr] Выполнена настройка интерфейса ПТО release 146 build 20210403 с транспортом: Norsi-Trans Transport Library version 1.21-308 build 20210403 protocol 1, точка web-server, ЛА ПТО web-server
[27-07-2023 11:06:14.253 err] unable to specify this point ID as peer ID
[27-07-2023 11:06:14.253 usr] Завершено конфигурирование модуля (процесс 43599)
[27-07-2023 11:06:14.253 err] unable to specify this point ID as peer ID
[27-07-2023 11:13:17.883 usr] Выполнена настройка интерфейса ПТО release 146 build 20210403 с транспортом: Norsi-Trans Transport Library version 1.21-308 build 20210403 protocol 1, точка web-server, ЛА ПТО web-server
[27-07-2023 11:13:17.883 err] unable to specify this point ID as peer ID
[27-07-2023 11:13:17.883 usr] Завершено конфигурирование модуля (процесс 44077)
[27-07-2023 11:13:17.883 err] unable to specify this point ID as peer ID
[27-07-2023 11:16:11.049 usr] Выполнена настройка интерфейса ПТО release 146 build 20210403 с транспортом: Norsi-Trans Transport Library version 1.21-308 build 20210403 protocol 1, точка web-server, ЛА ПТО web-server
[27-07-2023 11:16:11.049 err] unable to specify this point ID as peer ID
[27-07-2023 11:16:11.049 usr] Завершено конфигурирование модуля (процесс 44284)
[27-07-2023 11:16:11.049 err] unable to specify this point ID as peer ID
[27-07-2023 11:19:56.577 usr] Выполнена настройка интерфейса ПТО release 146 build 20210403 с транспортом: Norsi-Trans Transport Library version 1.21-308 build 20210403 protocol 1, точка web-server, ЛА ПТО web-server
[27-07-2023 11:19:56.577 err] unable to specify this point ID as peer ID
[27-07-2023 11:19:56.577 usr] Завершено конфигурирование модуля (процесс 44434)
[27-07-2023 11:19:56.577 err] unable to specify this point ID as peer ID
[27-07-2023 11:20:16.331 usr] Выполнена настройка интерфейса ПТО release 146 build 20210403 с транспортом: Norsi-Trans Transport Library version 1.21-308 build 20210403 protocol 1, точка web-server, ЛА ПТО web-server
[27-07-2023 11:20:16.331 err] unable to specify this point ID as peer ID
[27-07-2023 11:20:16.331 usr] Завершено конфигурирование модуля (процесс 44471)
[27-07-2023 11:20:16.331 err] unable to specify this point ID as peer ID
[27-07-2023 11:20:52.703 usr] Выполнена настройка интерфейса ПТО release 146 build 20210403 с транспортом: Norsi-Trans Transport Library version 1.21-308 build 20210403 protocol 1, точка web-server, ЛА ПТО web-server
[27-07-2023 11:20:52.703 err] unable to specify this point ID as peer ID
[27-07-2023 11:20:52.703 usr] Завершено конфигурирование модуля (процесс 44527)
[27-07-2023 11:20:52.703 err] unable to specify this point ID as peer ID
[27-07-2023 11:20:52.703 db3] ../main.c@105: Запуск Web server версия 1.0 build 20230717r1
[27-07-2023 11:20:53.704 err] unable to write stats with error code -3
[27-07-2023 11:20:53.704 db3] ../main.c@105: Запуск Web server версия 1.0 build 20230717r1
[27-07-2023 11:20:54.705 db3] ../main.c@105: Запуск Web server версия 1.0 build 20230717r1
[27-07-2023 11:20:55.706 db3] ../main.c@105: Запуск Web server версия 1.0 build 20230717r1
[27-07-2023 11:20:56.708 err] unable to write stats with error code -3
[27-07-2023 11:20:56.708 db3] ../main.c@105: Запуск Web server версия 1.0 build 20230717r1
[27-07-2023 11:20:57.709 db3] ../main.c@105: Запуск Web server версия 1.0 build 20230717r1
[27-07-2023 11:20:58.710 db3] ../main.c@105: Запуск Web server версия 1.0 build 20230717r1
[27-07-2023 11:20:59.710 err] unable to write stats with error code -3
[27-07-2023 11:20:59.710 db3] ../main.c@105: Запуск Web server версия 1.0 build 20230717r1
[27-07-2023 11:21:00.712 db3] ../main.c@105: Запуск Web server версия 1.0 build 20230717r1
[27-07-2023 11:21:01.713 db3] ../main.c@105: Запуск Web server версия 1.0 build 20230717r1
[27-07-2023 11:21:02.714 err] unable to write stats with error code -3
[27-07-2023 11:21:02.714 db3] ../main.c@105: Запуск Web server версия 1.0 build 20230717r1
[27-07-2023 11:21:03.714 db3] ../main.c@105: Запуск Web server версия 1.0 build 20230717r1
[27-07-2023 11:21:04.716 db3] ../main.c@105: Запуск Web server версия 1.0 build 20230717r1
[27-07-2023 11:21:05.625 err] select has been interrupted
[27-07-2023 11:21:05.625 usr] Остановка модуля (процесс 44527, точка web-server)...
[27-07-2023 11:21:05.625 err] unable to specify this point ID as peer ID
[27-07-2023 11:21:05.625 usr] Модуль остановлен
[27-07-2023 11:21:05.625 err] unable to specify this point ID as peer ID
[27-07-2023 11:21:05.625 err] save cache(2012006A, web-server): cache is empty, removing files
[27-07-2023 11:21:05.625 err] unable to write stats with error code -3
[27-07-2023 11:21:05.625 err] terminating point web-server...
[27-07-2023 11:21:51.585 usr] Выполнена настройка интерфейса ПТО release 146 build 20210403 с транспортом: Norsi-Trans Transport Library version 1.21-308 build 20210403 protocol 1, точка web-server, ЛА ПТО web-server
[27-07-2023 11:21:51.585 err] unable to specify this point ID as peer ID
[27-07-2023 11:21:51.586 usr] Завершено конфигурирование модуля (процесс 44618)
[27-07-2023 11:21:51.586 err] unable to specify this point ID as peer ID
[27-07-2023 11:29:11.247 usr] Выполнена настройка интерфейса ПТО release 146 build 20210403 с транспортом: Norsi-Trans Transport Library version 1.21-308 build 20210403 protocol 1, точка web-server, ЛА ПТО web-server
[27-07-2023 11:29:11.255 err] unable to specify this point ID as peer ID
[27-07-2023 11:29:11.255 usr] Завершено конфигурирование модуля (процесс 46174)
[27-07-2023 11:29:11.255 err] unable to specify this point ID as peer ID
[27-07-2023 11:29:35.798 usr] Выполнена настройка интерфейса ПТО release 146 build 20210403 с транспортом: Norsi-Trans Transport Library version 1.21-308 build 20210403 protocol 1, точка web-server, ЛА ПТО web-server
[27-07-2023 11:29:35.798 err] unable to specify this point ID as peer ID
[27-07-2023 11:29:35.798 usr] Завершено конфигурирование модуля (процесс 46367)
[27-07-2023 11:29:35.798 err] unable to specify this point ID as peer ID
[27-07-2023 11:32:57.055 usr] Выполнена настройка интерфейса ПТО release 146 build 20210403 с транспортом: Norsi-Trans Transport Library version 1.21-308 build 20210403 protocol 1, точка web-server, ЛА ПТО web-server
[27-07-2023 11:32:57.055 err] unable to specify this point ID as peer ID
[27-07-2023 11:32:57.055 usr] Завершено конфигурирование модуля (процесс 46518)
[27-07-2023 11:32:57.055 err] unable to specify this point ID as peer ID
[27-07-2023 11:35:47.961 usr] Выполнена настройка интерфейса ПТО release 146 build 20210403 с транспортом: Norsi-Trans Transport Library version 1.21-308 build 20210403 protocol 1, точка web-server, ЛА ПТО web-server
[27-07-2023 11:35:47.961 err] unable to specify this point ID as peer ID
[27-07-2023 11:35:47.961 usr] Завершено конфигурирование модуля (процесс 46799)
[27-07-2023 11:35:47.961 err] unable to specify this point ID as peer ID
[27-07-2023 11:36:07.473 usr] Выполнена настройка интерфейса ПТО release 146 build 20210403 с транспортом: Norsi-Trans Transport Library version 1.21-308 build 20210403 protocol 1, точка web-server, ЛА ПТО web-server
[27-07-2023 11:36:07.473 err] unable to specify this point ID as peer ID
[27-07-2023 11:36:07.473 usr] Завершено конфигурирование модуля (процесс 46818)
[27-07-2023 11:36:07.473 err] unable to specify this point ID as peer ID
[27-07-2023 11:37:32.792 usr] Выполнена настройка интерфейса ПТО release 146 build 20210403 с транспортом: Norsi-Trans Transport Library version 1.21-308 build 20210403 protocol 1, точка web-server, ЛА ПТО web-server
[27-07-2023 11:37:32.792 err] unable to specify this point ID as peer ID
[27-07-2023 11:37:32.792 usr] Завершено конфигурирование модуля (процесс 47012)
[27-07-2023 11:37:32.792 err] unable to specify this point ID as peer ID
[27-07-2023 11:38:56.205 usr] Выполнена настройка интерфейса ПТО release 146 build 20210403 с транспортом: Norsi-Trans Transport Library version 1.21-308 build 20210403 protocol 1, точка web-server, ЛА ПТО web-server
[27-07-2023 11:38:56.205 err] unable to specify this point ID as peer ID
[27-07-2023 11:38:56.205 usr] Завершено конфигурирование модуля (процесс 47154)
[27-07-2023 11:38:56.205 err] unable to specify this point ID as peer ID
[27-07-2023 11:51:37.938 usr] Выполнена настройка интерфейса ПТО release 146 build 20210403 с транспортом: Norsi-Trans Transport Library version 1.21-308 build 20210403 protocol 1, точка web-server, ЛА ПТО web-server
[27-07-2023 11:51:37.947 err] unable to specify this point ID as peer ID
[27-07-2023 11:51:37.948 usr] Завершено конфигурирование модуля (процесс 47954)
[27-07-2023 11:51:37.948 err] unable to specify this point ID as peer ID
[27-07-2023 11:55:54.216 usr] Выполнена настройка интерфейса ПТО release 146 build 20210403 с транспортом: Norsi-Trans Transport Library version 1.21-308 build 20210403 protocol 1, точка web-server, ЛА ПТО web-server
[27-07-2023 11:55:54.216 err] unable to specify this point ID as peer ID
[27-07-2023 11:55:54.216 usr] Завершено конфигурирование модуля (процесс 48268)
[27-07-2023 11:55:54.216 err] unable to specify this point ID as peer ID
[27-07-2023 11:58:50.620 usr] Выполнена настройка интерфейса ПТО release 146 build 20210403 с транспортом: Norsi-Trans Transport Library version 1.21-308 build 20210403 protocol 1, точка web-server, ЛА ПТО web-server
[27-07-2023 11:58:50.620 err] unable to specify this point ID as peer ID
[27-07-2023 11:58:50.620 usr] Завершено конфигурирование модуля (процесс 48417)
[27-07-2023 11:58:50.620 err] unable to specify this point ID as peer ID
[27-07-2023 11:59:09.134 usr] Выполнена настройка интерфейса ПТО release 146 build 20210403 с транспортом: Norsi-Trans Transport Library version 1.21-308 build 20210403 protocol 1, точка web-server, ЛА ПТО web-server
[27-07-2023 11:59:09.134 err] unable to specify this point ID as peer ID
[27-07-2023 11:59:09.134 usr] Завершено конфигурирование модуля (процесс 48453)
[27-07-2023 11:59:09.134 err] unable to specify this point ID as peer ID
