[26-07-2023 14:02:33.333 usr] Выполнена настройка интерфейса ПТО release 146 build 20210403 с транспортом: Norsi-Trans Transport Library version 1.21-308 build 20210403 protocol 1, точка web-server, ЛА ПТО web-server
[26-07-2023 14:02:33.333 err] unable to specify this point ID as peer ID
[26-07-2023 14:02:33.333 usr] Завершено конфигурирование модуля (процесс 280604)
[26-07-2023 14:02:33.333 err] unable to specify this point ID as peer ID
[26-07-2023 14:02:38.009 usr] Выполнена настройка интерфейса ПТО release 146 build 20210403 с транспортом: Norsi-Trans Transport Library version 1.21-308 build 20210403 protocol 1, точка web-server, ЛА ПТО web-server
[26-07-2023 14:02:38.009 err] unable to specify this point ID as peer ID
[26-07-2023 14:02:38.009 usr] Завершено конфигурирование модуля (процесс 280616)
[26-07-2023 14:02:38.009 err] unable to specify this point ID as peer ID
[26-07-2023 14:02:43.200 usr] Выполнена настройка интерфейса ПТО release 146 build 20210403 с транспортом: Norsi-Trans Transport Library version 1.21-308 build 20210403 protocol 1, точка web-server, ЛА ПТО web-server
[26-07-2023 14:02:43.200 err] unable to specify this point ID as peer ID
[26-07-2023 14:02:43.200 usr] Завершено конфигурирование модуля (процесс 280626)
[26-07-2023 14:02:43.200 err] unable to specify this point ID as peer ID
[26-07-2023 14:02:53.063 usr] Выполнена настройка интерфейса ПТО release 146 build 20210403 с транспортом: Norsi-Trans Transport Library version 1.21-308 build 20210403 protocol 1, точка web-server, ЛА ПТО web-server
[26-07-2023 14:02:53.063 err] unable to specify this point ID as peer ID
[26-07-2023 14:02:53.063 usr] Завершено конфигурирование модуля (процесс 280645)
[26-07-2023 14:02:53.063 err] unable to specify this point ID as peer ID
[26-07-2023 14:03:08.828 usr] Выполнена настройка интерфейса ПТО release 146 build 20210403 с транспортом: Norsi-Trans Transport Library version 1.21-308 build 20210403 protocol 1, точка web-server, ЛА ПТО web-server
[26-07-2023 14:03:08.828 err] unable to specify this point ID as peer ID
[26-07-2023 14:03:08.828 usr] Завершено конфигурирование модуля (процесс 280657)
[26-07-2023 14:03:08.828 err] unable to specify this point ID as peer ID
[26-07-2023 14:03:36.066 usr] Выполнена настройка интерфейса ПТО release 146 build 20210403 с транспортом: Norsi-Trans Transport Library version 1.21-308 build 20210403 protocol 1, точка web-server, ЛА ПТО web-server
[26-07-2023 14:03:36.066 err] unable to specify this point ID as peer ID
[26-07-2023 14:03:36.066 usr] Завершено конфигурирование модуля (процесс 280710)
[26-07-2023 14:03:36.066 err] unable to specify this point ID as peer ID
[26-07-2023 14:03:37.067 err] unable to write stats with error code -3
[26-07-2023 14:03:37.840 err] select has been interrupted
[26-07-2023 14:03:37.840 usr] Остановка модуля (процесс 280710, точка web-server)...
[26-07-2023 14:03:37.840 err] unable to specify this point ID as peer ID
[26-07-2023 14:03:37.840 usr] Модуль остановлен
[26-07-2023 14:03:37.840 err] unable to specify this point ID as peer ID
[26-07-2023 14:03:37.840 err] save cache(2012006A, web-server): cache is empty, removing files
[26-07-2023 14:03:37.840 err] unable to write stats with error code -3
[26-07-2023 14:03:37.840 err] terminating point web-server...
[26-07-2023 14:03:39.504 usr] Выполнена настройка интерфейса ПТО release 146 build 20210403 с транспортом: Norsi-Trans Transport Library version 1.21-308 build 20210403 protocol 1, точка web-server, ЛА ПТО web-server
[26-07-2023 14:03:39.504 err] unable to specify this point ID as peer ID
[26-07-2023 14:03:39.504 usr] Завершено конфигурирование модуля (процесс 280721)
[26-07-2023 14:03:39.504 err] unable to specify this point ID as peer ID
[26-07-2023 14:03:40.506 err] unable to write stats with error code -3
[26-07-2023 14:03:43.550 err] unable to write stats with error code -3
[26-07-2023 14:03:46.553 err] unable to write stats with error code -3
[26-07-2023 14:03:46.813 err] select has been interrupted
[26-07-2023 14:03:46.813 usr] Остановка модуля (процесс 280721, точка web-server)...
[26-07-2023 14:03:46.813 err] unable to specify this point ID as peer ID
[26-07-2023 14:03:46.813 usr] Модуль остановлен
[26-07-2023 14:03:46.813 err] unable to specify this point ID as peer ID
[26-07-2023 14:03:46.813 err] save cache(2012006A, web-server): cache is empty, removing files
[26-07-2023 14:03:46.813 err] unable to write stats with error code -3
[26-07-2023 14:03:46.813 err] terminating point web-server...
[26-07-2023 14:03:49.309 usr] Выполнена настройка интерфейса ПТО release 146 build 20210403 с транспортом: Norsi-Trans Transport Library version 1.21-308 build 20210403 protocol 1, точка web-server, ЛА ПТО web-server
[26-07-2023 14:03:49.309 err] unable to specify this point ID as peer ID
[26-07-2023 14:03:49.309 usr] Завершено конфигурирование модуля (процесс 280739)
[26-07-2023 14:03:49.309 err] unable to specify this point ID as peer ID
[26-07-2023 14:03:50.310 err] unable to write stats with error code -3
[26-07-2023 14:03:51.672 err] select has been interrupted
[26-07-2023 14:03:51.672 usr] Остановка модуля (процесс 280739, точка web-server)...
[26-07-2023 14:03:51.672 err] unable to specify this point ID as peer ID
[26-07-2023 14:03:51.672 usr] Модуль остановлен
[26-07-2023 14:03:51.672 err] unable to specify this point ID as peer ID
[26-07-2023 14:03:51.672 err] save cache(2012006A, web-server): cache is empty, removing files
[26-07-2023 14:03:51.672 err] unable to write stats with error code -3
[26-07-2023 14:03:51.672 err] terminating point web-server...
[26-07-2023 14:03:54.960 usr] Выполнена настройка интерфейса ПТО release 146 build 20210403 с транспортом: Norsi-Trans Transport Library version 1.21-308 build 20210403 protocol 1, точка web-server, ЛА ПТО web-server
[26-07-2023 14:03:54.960 err] unable to specify this point ID as peer ID
[26-07-2023 14:03:54.960 usr] Завершено конфигурирование модуля (процесс 280753)
[26-07-2023 14:03:54.961 err] unable to specify this point ID as peer ID
[26-07-2023 14:03:55.962 err] unable to write stats with error code -3
[26-07-2023 14:03:56.175 err] select has been interrupted
[26-07-2023 14:03:56.175 usr] Остановка модуля (процесс 280753, точка web-server)...
[26-07-2023 14:03:56.175 err] unable to specify this point ID as peer ID
[26-07-2023 14:03:56.175 usr] Модуль остановлен
[26-07-2023 14:03:56.175 err] unable to specify this point ID as peer ID
[26-07-2023 14:03:56.175 err] save cache(2012006A, web-server): cache is empty, removing files
[26-07-2023 14:03:56.175 err] unable to write stats with error code -3
[26-07-2023 14:03:56.175 err] terminating point web-server...
[26-07-2023 14:04:04.909 usr] Выполнена настройка интерфейса ПТО release 146 build 20210403 с транспортом: Norsi-Trans Transport Library version 1.21-308 build 20210403 protocol 1, точка web-server, ЛА ПТО web-server
[26-07-2023 14:04:04.909 err] unable to specify this point ID as peer ID
[26-07-2023 14:04:04.909 usr] Завершено конфигурирование модуля (процесс 280768)
[26-07-2023 14:04:04.909 err] unable to specify this point ID as peer ID
[26-07-2023 14:04:05.910 err] unable to write stats with error code -3
[26-07-2023 14:04:07.784 err] select has been interrupted
[26-07-2023 14:04:07.784 usr] Остановка модуля (процесс 280768, точка web-server)...
[26-07-2023 14:04:07.784 err] unable to specify this point ID as peer ID
[26-07-2023 14:04:07.784 usr] Модуль остановлен
[26-07-2023 14:04:07.784 err] unable to specify this point ID as peer ID
[26-07-2023 14:04:07.784 err] save cache(2012006A, web-server): cache is empty, removing files
[26-07-2023 14:04:07.784 err] unable to write stats with error code -3
[26-07-2023 14:04:07.784 err] terminating point web-server...
[26-07-2023 14:12:30.860 usr] Выполнена настройка интерфейса ПТО release 146 build 20210403 с транспортом: Norsi-Trans Transport Library version 1.21-308 build 20210403 protocol 1, точка web-server, ЛА ПТО web-server
[26-07-2023 14:12:30.860 err] unable to specify this point ID as peer ID
[26-07-2023 14:12:30.860 usr] Завершено конфигурирование модуля (процесс 280862)
[26-07-2023 14:12:30.860 err] unable to specify this point ID as peer ID
[26-07-2023 14:12:31.861 err] unable to write stats with error code -3
[26-07-2023 14:12:34.864 err] unable to write stats with error code -3
[26-07-2023 14:12:37.866 err] unable to write stats with error code -3
[26-07-2023 14:12:40.870 err] unable to write stats with error code -3
[26-07-2023 14:12:43.872 err] unable to write stats with error code -3
[26-07-2023 14:12:45.641 err] select has been interrupted
[26-07-2023 14:12:45.641 usr] Остановка модуля (процесс 280862, точка web-server)...
[26-07-2023 14:12:45.641 err] unable to specify this point ID as peer ID
[26-07-2023 14:12:45.641 usr] Модуль остановлен
[26-07-2023 14:12:45.641 err] unable to specify this point ID as peer ID
[26-07-2023 14:12:45.641 err] save cache(2012006A, web-server): cache is empty, removing files
[26-07-2023 14:12:45.641 err] unable to write stats with error code -3
[26-07-2023 14:12:45.641 err] terminating point web-server...
[26-07-2023 14:14:22.251 usr] Выполнена настройка интерфейса ПТО release 146 build 20210403 с транспортом: Norsi-Trans Transport Library version 1.21-308 build 20210403 protocol 1, точка web-server, ЛА ПТО web-server
[26-07-2023 14:14:22.251 err] unable to specify this point ID as peer ID
[26-07-2023 14:14:22.251 usr] Завершено конфигурирование модуля (процесс 280976)
[26-07-2023 14:14:22.251 err] unable to specify this point ID as peer ID
[26-07-2023 14:14:23.252 err] unable to write stats with error code -3
[26-07-2023 14:14:25.848 err] select has been interrupted
[26-07-2023 14:14:25.848 usr] Остановка модуля (процесс 280976, точка web-server)...
[26-07-2023 14:14:25.848 err] unable to specify this point ID as peer ID
[26-07-2023 14:14:25.848 usr] Модуль остановлен
[26-07-2023 14:14:25.848 err] unable to specify this point ID as peer ID
[26-07-2023 14:14:25.848 err] save cache(2012006A, web-server): cache is empty, removing files
[26-07-2023 14:14:25.848 err] unable to write stats with error code -3
[26-07-2023 14:14:25.848 err] terminating point web-server...
[26-07-2023 14:14:33.678 usr] Выполнена настройка интерфейса ПТО release 146 build 20210403 с транспортом: Norsi-Trans Transport Library version 1.21-308 build 20210403 protocol 1, точка web-server, ЛА ПТО web-server
[26-07-2023 14:14:33.679 err] unable to specify this point ID as peer ID
[26-07-2023 14:14:33.679 usr] Завершено конфигурирование модуля (процесс 280993)
[26-07-2023 14:14:33.679 err] unable to specify this point ID as peer ID
[26-07-2023 14:14:34.680 err] unable to write stats with error code -3
[26-07-2023 14:14:37.472 err] select has been interrupted
[26-07-2023 14:14:37.472 usr] Остановка модуля (процесс 280993, точка web-server)...
[26-07-2023 14:14:37.472 err] unable to specify this point ID as peer ID
[26-07-2023 14:14:37.472 usr] Модуль остановлен
[26-07-2023 14:14:37.472 err] unable to specify this point ID as peer ID
[26-07-2023 14:14:37.472 err] save cache(2012006A, web-server): cache is empty, removing files
[26-07-2023 14:14:37.472 err] unable to write stats with error code -3
[26-07-2023 14:14:37.472 err] terminating point web-server...
[26-07-2023 14:15:03.822 usr] Выполнена настройка интерфейса ПТО release 146 build 20210403 с транспортом: Norsi-Trans Transport Library version 1.21-308 build 20210403 protocol 1, точка web-server, ЛА ПТО web-server
[26-07-2023 14:15:03.822 err] unable to specify this point ID as peer ID
[26-07-2023 14:15:03.822 usr] Завершено конфигурирование модуля (процесс 281042)
[26-07-2023 14:15:03.822 err] unable to specify this point ID as peer ID
[26-07-2023 14:15:04.823 err] unable to write stats with error code -3
[26-07-2023 14:15:05.536 err] select has been interrupted
[26-07-2023 14:15:05.536 usr] Остановка модуля (процесс 281042, точка web-server)...
[26-07-2023 14:15:05.536 err] unable to specify this point ID as peer ID
[26-07-2023 14:15:05.536 usr] Модуль остановлен
[26-07-2023 14:15:05.536 err] unable to specify this point ID as peer ID
[26-07-2023 14:15:05.536 err] save cache(2012006A, web-server): cache is empty, removing files
[26-07-2023 14:15:05.536 err] unable to write stats with error code -3
[26-07-2023 14:15:05.536 err] terminating point web-server...
[26-07-2023 14:15:08.990 usr] Выполнена настройка интерфейса ПТО release 146 build 20210403 с транспортом: Norsi-Trans Transport Library version 1.21-308 build 20210403 protocol 1, точка web-server, ЛА ПТО web-server
[26-07-2023 14:15:08.990 err] unable to specify this point ID as peer ID
[26-07-2023 14:15:08.990 usr] Завершено конфигурирование модуля (процесс 281059)
[26-07-2023 14:15:08.990 err] unable to specify this point ID as peer ID
[26-07-2023 14:15:09.992 err] unable to write stats with error code -3
[26-07-2023 14:15:10.816 err] select has been interrupted
[26-07-2023 14:15:10.816 usr] Остановка модуля (процесс 281059, точка web-server)...
[26-07-2023 14:15:10.816 err] unable to specify this point ID as peer ID
[26-07-2023 14:15:10.817 usr] Модуль остановлен
[26-07-2023 14:15:10.817 err] unable to specify this point ID as peer ID
[26-07-2023 14:15:10.817 err] save cache(2012006A, web-server): cache is empty, removing files
[26-07-2023 14:15:10.817 err] unable to write stats with error code -3
[26-07-2023 14:15:10.817 err] terminating point web-server...
[26-07-2023 14:15:37.644 usr] Выполнена настройка интерфейса ПТО release 146 build 20210403 с транспортом: Norsi-Trans Transport Library version 1.21-308 build 20210403 protocol 1, точка web-server, ЛА ПТО web-server
[26-07-2023 14:15:37.644 err] unable to specify this point ID as peer ID
[26-07-2023 14:15:37.644 usr] Завершено конфигурирование модуля (процесс 281078)
[26-07-2023 14:15:37.644 err] unable to specify this point ID as peer ID
[26-07-2023 14:15:38.645 err] unable to write stats with error code -3
[26-07-2023 14:15:41.648 err] unable to write stats with error code -3
[26-07-2023 14:15:44.651 err] unable to write stats with error code -3
[26-07-2023 14:15:46.211 err] select has been interrupted
[26-07-2023 14:15:46.211 usr] Остановка модуля (процесс 281078, точка web-server)...
[26-07-2023 14:15:46.211 err] unable to specify this point ID as peer ID
[26-07-2023 14:15:46.211 usr] Модуль остановлен
[26-07-2023 14:15:46.211 err] unable to specify this point ID as peer ID
[26-07-2023 14:15:46.211 err] save cache(2012006A, web-server): cache is empty, removing files
[26-07-2023 14:15:46.211 err] unable to write stats with error code -3
[26-07-2023 14:15:46.211 err] terminating point web-server...
[26-07-2023 14:16:39.523 usr] Выполнена настройка интерфейса ПТО release 146 build 20210403 с транспортом: Norsi-Trans Transport Library version 1.21-308 build 20210403 protocol 1, точка web-server, ЛА ПТО web-server
[26-07-2023 14:16:39.523 err] unable to specify this point ID as peer ID
[26-07-2023 14:16:39.523 usr] Завершено конфигурирование модуля (процесс 281154)
[26-07-2023 14:16:39.523 err] unable to specify this point ID as peer ID
[26-07-2023 14:16:40.524 err] unable to write stats with error code -3
[26-07-2023 14:16:41.216 err] select has been interrupted
[26-07-2023 14:16:41.216 usr] Остановка модуля (процесс 281154, точка web-server)...
[26-07-2023 14:16:41.216 err] unable to specify this point ID as peer ID
[26-07-2023 14:16:41.216 usr] Модуль остановлен
[26-07-2023 14:16:41.216 err] unable to specify this point ID as peer ID
[26-07-2023 14:16:41.216 err] save cache(2012006A, web-server): cache is empty, removing files
[26-07-2023 14:16:41.217 err] unable to write stats with error code -3
[26-07-2023 14:16:41.217 err] terminating point web-server...
[26-07-2023 14:16:56.559 usr] Выполнена настройка интерфейса ПТО release 146 build 20210403 с транспортом: Norsi-Trans Transport Library version 1.21-308 build 20210403 protocol 1, точка web-server, ЛА ПТО web-server
[26-07-2023 14:16:56.559 err] unable to specify this point ID as peer ID
[26-07-2023 14:16:56.559 usr] Завершено конфигурирование модуля (процесс 281189)
[26-07-2023 14:16:56.559 err] unable to specify this point ID as peer ID
[26-07-2023 14:16:57.561 err] unable to write stats with error code -3
[26-07-2023 14:17:00.564 err] unable to write stats with error code -3
[26-07-2023 14:17:02.472 err] select has been interrupted
[26-07-2023 14:17:02.472 usr] Остановка модуля (процесс 281189, точка web-server)...
[26-07-2023 14:17:02.472 err] unable to specify this point ID as peer ID
[26-07-2023 14:17:02.472 usr] Модуль остановлен
[26-07-2023 14:17:02.472 err] unable to specify this point ID as peer ID
[26-07-2023 14:17:02.472 err] save cache(2012006A, web-server): cache is empty, removing files
[26-07-2023 14:17:02.472 err] unable to write stats with error code -3
[26-07-2023 14:17:02.472 err] terminating point web-server...
[26-07-2023 14:17:46.850 usr] Выполнена настройка интерфейса ПТО release 146 build 20210403 с транспортом: Norsi-Trans Transport Library version 1.21-308 build 20210403 protocol 1, точка web-server, ЛА ПТО web-server
[26-07-2023 14:17:46.850 err] unable to specify this point ID as peer ID
[26-07-2023 14:17:46.850 usr] Завершено конфигурирование модуля (процесс 281263)
[26-07-2023 14:17:46.850 err] unable to specify this point ID as peer ID
[26-07-2023 14:17:47.851 err] unable to write stats with error code -3
[26-07-2023 14:17:50.854 err] unable to write stats with error code -3
[26-07-2023 14:17:53.857 err] unable to write stats with error code -3
[26-07-2023 14:17:56.860 err] unable to write stats with error code -3
[26-07-2023 14:17:59.863 err] unable to write stats with error code -3
[26-07-2023 14:18:00.961 err] select has been interrupted
[26-07-2023 14:18:00.961 usr] Остановка модуля (процесс 281263, точка web-server)...
[26-07-2023 14:18:00.961 err] unable to specify this point ID as peer ID
[26-07-2023 14:18:00.961 usr] Модуль остановлен
[26-07-2023 14:18:00.961 err] unable to specify this point ID as peer ID
[26-07-2023 14:18:00.961 err] save cache(2012006A, web-server): cache is empty, removing files
[26-07-2023 14:18:00.961 err] unable to write stats with error code -3
[26-07-2023 14:18:00.962 err] terminating point web-server...
[26-07-2023 14:18:04.192 usr] Выполнена настройка интерфейса ПТО release 146 build 20210403 с транспортом: Norsi-Trans Transport Library version 1.21-308 build 20210403 protocol 1, точка web-server, ЛА ПТО web-server
[26-07-2023 14:18:04.192 err] unable to specify this point ID as peer ID
[26-07-2023 14:18:04.192 usr] Завершено конфигурирование модуля (процесс 281282)
[26-07-2023 14:18:04.192 err] unable to specify this point ID as peer ID
[26-07-2023 14:18:05.193 err] unable to write stats with error code -3
[26-07-2023 14:18:05.901 err] select has been interrupted
[26-07-2023 14:18:05.901 usr] Остановка модуля (процесс 281282, точка web-server)...
[26-07-2023 14:18:05.901 err] unable to specify this point ID as peer ID
[26-07-2023 14:18:05.901 usr] Модуль остановлен
[26-07-2023 14:18:05.901 err] unable to specify this point ID as peer ID
[26-07-2023 14:18:05.901 err] save cache(2012006A, web-server): cache is empty, removing files
[26-07-2023 14:18:05.901 err] unable to write stats with error code -3
[26-07-2023 14:18:05.901 err] terminating point web-server...
[26-07-2023 14:18:20.655 usr] Выполнена настройка интерфейса ПТО release 146 build 20210403 с транспортом: Norsi-Trans Transport Library version 1.21-308 build 20210403 protocol 1, точка web-server, ЛА ПТО web-server
[26-07-2023 14:18:20.655 err] unable to specify this point ID as peer ID
[26-07-2023 14:18:20.655 usr] Завершено конфигурирование модуля (процесс 281294)
[26-07-2023 14:18:20.655 err] unable to specify this point ID as peer ID
[26-07-2023 14:18:21.657 err] unable to write stats with error code -3
[26-07-2023 14:18:24.660 err] unable to write stats with error code -3
[26-07-2023 14:18:27.662 err] unable to write stats with error code -3
[26-07-2023 14:18:28.350 err] select has been interrupted
[26-07-2023 14:18:28.350 usr] Остановка модуля (процесс 281294, точка web-server)...
[26-07-2023 14:18:28.350 err] unable to specify this point ID as peer ID
[26-07-2023 14:18:28.350 usr] Модуль остановлен
[26-07-2023 14:18:28.350 err] unable to specify this point ID as peer ID
[26-07-2023 14:18:28.350 err] save cache(2012006A, web-server): cache is empty, removing files
[26-07-2023 14:18:28.350 err] unable to write stats with error code -3
[26-07-2023 14:18:28.350 err] terminating point web-server...
[26-07-2023 14:19:30.596 usr] Выполнена настройка интерфейса ПТО release 146 build 20210403 с транспортом: Norsi-Trans Transport Library version 1.21-308 build 20210403 protocol 1, точка web-server, ЛА ПТО web-server
[26-07-2023 14:19:30.596 err] unable to specify this point ID as peer ID
[26-07-2023 14:19:30.597 usr] Завершено конфигурирование модуля (процесс 281462)
[26-07-2023 14:19:30.597 err] unable to specify this point ID as peer ID
[26-07-2023 14:19:31.199 usr] Выполнена настройка интерфейса ПТО release 146 build 20210403 с транспортом: Norsi-Trans Transport Library version 1.21-308 build 20210403 protocol 1, точка web-server, ЛА ПТО web-server
[26-07-2023 14:19:31.200 err] unable to specify this point ID as peer ID
[26-07-2023 14:19:31.200 usr] Завершено конфигурирование модуля (процесс 281473)
[26-07-2023 14:19:31.200 err] unable to specify this point ID as peer ID
[26-07-2023 14:19:31.598 err] unable to write stats with error code -3
[26-07-2023 14:19:33.552 err] select has been interrupted
[26-07-2023 14:19:33.552 usr] Остановка модуля (процесс 281462, точка web-server)...
[26-07-2023 14:19:33.552 err] unable to specify this point ID as peer ID
[26-07-2023 14:19:33.552 usr] Модуль остановлен
[26-07-2023 14:19:33.553 err] unable to specify this point ID as peer ID
[26-07-2023 14:19:33.553 err] save cache(2012006A, web-server): cache is empty, removing files
[26-07-2023 14:19:33.553 err] unable to write stats with error code -3
[26-07-2023 14:19:33.553 err] terminating point web-server...
[26-07-2023 14:34:39.086 usr] Выполнена настройка интерфейса ПТО release 146 build 20210403 с транспортом: Norsi-Trans Transport Library version 1.21-308 build 20210403 protocol 1, точка web-server, ЛА ПТО web-server
[26-07-2023 14:34:39.086 err] unable to specify this point ID as peer ID
[26-07-2023 14:34:39.086 usr] Завершено конфигурирование модуля (процесс 281625)
[26-07-2023 14:34:39.086 err] unable to specify this point ID as peer ID
[26-07-2023 14:34:40.087 err] unable to write stats with error code -3
[26-07-2023 14:34:43.090 err] unable to write stats with error code -3
[26-07-2023 14:34:44.176 err] select has been interrupted
[26-07-2023 14:34:44.176 usr] Остановка модуля (процесс 281625, точка web-server)...
[26-07-2023 14:34:44.176 err] unable to specify this point ID as peer ID
[26-07-2023 14:34:44.176 usr] Модуль остановлен
[26-07-2023 14:34:44.176 err] unable to specify this point ID as peer ID
[26-07-2023 14:34:44.176 err] save cache(2012006A, web-server): cache is empty, removing files
[26-07-2023 14:34:44.176 err] unable to write stats with error code -3
[26-07-2023 14:34:44.176 err] terminating point web-server...
[26-07-2023 14:35:16.145 usr] Выполнена настройка интерфейса ПТО release 146 build 20210403 с транспортом: Norsi-Trans Transport Library version 1.21-308 build 20210403 protocol 1, точка web-server, ЛА ПТО web-server
[26-07-2023 14:35:16.145 err] unable to specify this point ID as peer ID
[26-07-2023 14:35:16.145 usr] Завершено конфигурирование модуля (процесс 281675)
[26-07-2023 14:35:16.145 err] unable to specify this point ID as peer ID
[26-07-2023 14:35:17.146 err] unable to write stats with error code -3
[26-07-2023 14:35:18.656 err] select has been interrupted
[26-07-2023 14:35:18.656 usr] Остановка модуля (процесс 281675, точка web-server)...
[26-07-2023 14:35:18.656 err] unable to specify this point ID as peer ID
[26-07-2023 14:35:18.656 usr] Модуль остановлен
[26-07-2023 14:35:18.656 err] unable to specify this point ID as peer ID
[26-07-2023 14:35:18.656 err] save cache(2012006A, web-server): cache is empty, removing files
[26-07-2023 14:35:18.656 err] unable to write stats with error code -3
[26-07-2023 14:35:18.656 err] terminating point web-server...
[26-07-2023 14:35:22.662 usr] Выполнена настройка интерфейса ПТО release 146 build 20210403 с транспортом: Norsi-Trans Transport Library version 1.21-308 build 20210403 protocol 1, точка web-server, ЛА ПТО web-server
[26-07-2023 14:35:22.662 err] unable to specify this point ID as peer ID
[26-07-2023 14:35:22.662 usr] Завершено конфигурирование модуля (процесс 281690)
[26-07-2023 14:35:22.662 err] unable to specify this point ID as peer ID
[26-07-2023 14:35:23.663 err] unable to write stats with error code -3
[26-07-2023 14:35:24.369 err] select has been interrupted
[26-07-2023 14:35:24.369 usr] Остановка модуля (процесс 281690, точка web-server)...
[26-07-2023 14:35:24.369 err] unable to specify this point ID as peer ID
[26-07-2023 14:35:24.369 usr] Модуль остановлен
[26-07-2023 14:35:24.369 err] unable to specify this point ID as peer ID
[26-07-2023 14:35:24.369 err] save cache(2012006A, web-server): cache is empty, removing files
[26-07-2023 14:35:24.369 err] unable to write stats with error code -3
[26-07-2023 14:35:24.369 err] terminating point web-server...
[26-07-2023 14:35:31.835 usr] Выполнена настройка интерфейса ПТО release 146 build 20210403 с транспортом: Norsi-Trans Transport Library version 1.21-308 build 20210403 protocol 1, точка web-server, ЛА ПТО web-server
[26-07-2023 14:35:31.835 err] unable to specify this point ID as peer ID
[26-07-2023 14:35:31.835 usr] Завершено конфигурирование модуля (процесс 281708)
[26-07-2023 14:35:31.835 err] unable to specify this point ID as peer ID
[26-07-2023 14:35:32.836 err] unable to write stats with error code -3
[26-07-2023 14:35:34.697 err] select has been interrupted
[26-07-2023 14:35:34.697 usr] Остановка модуля (процесс 281708, точка web-server)...
[26-07-2023 14:35:34.697 err] unable to specify this point ID as peer ID
[26-07-2023 14:35:34.697 usr] Модуль остановлен
[26-07-2023 14:35:34.697 err] unable to specify this point ID as peer ID
[26-07-2023 14:35:34.697 err] save cache(2012006A, web-server): cache is empty, removing files
[26-07-2023 14:35:34.697 err] unable to write stats with error code -3
[26-07-2023 14:35:34.697 err] terminating point web-server...
[26-07-2023 14:36:14.538 usr] Выполнена настройка интерфейса ПТО release 146 build 20210403 с транспортом: Norsi-Trans Transport Library version 1.21-308 build 20210403 protocol 1, точка web-server, ЛА ПТО web-server
[26-07-2023 14:36:14.538 err] unable to specify this point ID as peer ID
[26-07-2023 14:36:14.539 usr] Завершено конфигурирование модуля (процесс 281759)
[26-07-2023 14:36:14.539 err] unable to specify this point ID as peer ID
[26-07-2023 14:36:15.540 err] unable to write stats with error code -3
[26-07-2023 14:36:18.543 err] unable to write stats with error code -3
[26-07-2023 14:36:21.546 err] unable to write stats with error code -3
[26-07-2023 14:36:24.549 err] unable to write stats with error code -3
[26-07-2023 14:36:27.552 err] unable to write stats with error code -3
[26-07-2023 14:36:30.555 err] unable to write stats with error code -3
[26-07-2023 14:36:33.558 err] unable to write stats with error code -3
[26-07-2023 14:36:36.560 err] unable to write stats with error code -3
[26-07-2023 14:36:39.562 err] unable to write stats with error code -3
[26-07-2023 14:36:42.565 err] unable to write stats with error code -3
[26-07-2023 14:36:45.568 err] unable to write stats with error code -3
[26-07-2023 14:36:48.571 err] unable to write stats with error code -3
[26-07-2023 14:36:51.574 err] unable to write stats with error code -3
[26-07-2023 14:36:54.577 err] unable to write stats with error code -3
[26-07-2023 14:36:57.580 err] unable to write stats with error code -3
[26-07-2023 14:37:00.583 err] unable to write stats with error code -3
[26-07-2023 14:37:03.586 err] unable to write stats with error code -3
[26-07-2023 14:37:06.589 err] unable to write stats with error code -3
[26-07-2023 14:37:09.592 err] unable to write stats with error code -3
[26-07-2023 14:37:12.595 err] unable to write stats with error code -3
[26-07-2023 14:37:15.598 err] unable to write stats with error code -3
[26-07-2023 14:37:18.601 err] unable to write stats with error code -3
[26-07-2023 14:37:21.604 err] unable to write stats with error code -3
[26-07-2023 14:37:24.607 err] unable to write stats with error code -3
[26-07-2023 14:37:27.610 err] unable to write stats with error code -3
[26-07-2023 14:37:30.614 err] unable to write stats with error code -3
[26-07-2023 14:37:33.617 err] unable to write stats with error code -3
[26-07-2023 14:37:36.619 err] unable to write stats with error code -3
[26-07-2023 14:37:39.622 err] unable to write stats with error code -3
[26-07-2023 14:37:42.625 err] unable to write stats with error code -3
[26-07-2023 14:37:45.628 err] unable to write stats with error code -3
[26-07-2023 14:37:48.631 err] unable to write stats with error code -3
[26-07-2023 14:37:51.634 err] unable to write stats with error code -3
[26-07-2023 14:37:54.637 err] unable to write stats with error code -3
[26-07-2023 14:37:57.639 err] unable to write stats with error code -3
[26-07-2023 14:38:00.642 err] unable to write stats with error code -3
[26-07-2023 14:38:03.645 err] unable to write stats with error code -3
[26-07-2023 14:38:06.648 err] unable to write stats with error code -3
[26-07-2023 14:38:09.651 err] unable to write stats with error code -3
[26-07-2023 14:38:12.654 err] unable to write stats with error code -3
[26-07-2023 14:38:15.657 err] unable to write stats with error code -3
[26-07-2023 14:38:18.660 err] unable to write stats with error code -3
[26-07-2023 14:38:21.663 err] unable to write stats with error code -3
[26-07-2023 14:38:24.666 err] unable to write stats with error code -3
[26-07-2023 14:38:27.669 err] unable to write stats with error code -3
[26-07-2023 14:38:30.672 err] unable to write stats with error code -3
[26-07-2023 14:38:33.675 err] unable to write stats with error code -3
[26-07-2023 14:38:36.678 err] unable to write stats with error code -3
[26-07-2023 14:38:38.311 err] select has been interrupted
[26-07-2023 14:38:38.311 usr] Остановка модуля (процесс 281759, точка web-server)...
[26-07-2023 14:38:38.311 err] unable to specify this point ID as peer ID
[26-07-2023 14:38:38.311 usr] Модуль остановлен
[26-07-2023 14:38:38.311 err] unable to specify this point ID as peer ID
[26-07-2023 14:38:38.311 err] save cache(2012006A, web-server): cache is empty, removing files
[26-07-2023 14:38:38.311 err] unable to write stats with error code -3
[26-07-2023 14:38:38.311 err] terminating point web-server...
