[19-07-2023 16:58:28.922 usr] Выполнена настройка интерфейса ПТО release 146 build 20210403 с транспортом: Norsi-Trans Transport Library version 1.21-308 build 20210403 protocol 1, точка web-server, ЛА ПТО web-server
[19-07-2023 16:58:28.922 err] unable to specify this point ID as peer ID
[19-07-2023 16:58:28.922 usr] Завершено конфигурирование модуля (процесс 110499)
[19-07-2023 16:58:28.922 err] unable to specify this point ID as peer ID
[19-07-2023 16:58:29.923 err] unable to write stats with error code -3
[19-07-2023 16:58:32.926 err] unable to write stats with error code -3
[19-07-2023 16:58:35.929 err] unable to write stats with error code -3
[19-07-2023 16:58:38.931 err] unable to write stats with error code -3
[19-07-2023 16:58:41.934 err] unable to write stats with error code -3
[19-07-2023 16:58:44.937 err] unable to write stats with error code -3
[19-07-2023 16:58:47.940 err] unable to write stats with error code -3
[19-07-2023 16:58:50.943 err] unable to write stats with error code -3
[19-07-2023 16:58:53.945 err] unable to write stats with error code -3
[19-07-2023 16:58:56.948 err] unable to write stats with error code -3
[19-07-2023 16:58:59.951 err] unable to write stats with error code -3
[19-07-2023 16:59:02.954 err] unable to write stats with error code -3
[19-07-2023 16:59:05.956 err] unable to write stats with error code -3
[19-07-2023 16:59:08.959 err] unable to write stats with error code -3
[19-07-2023 16:59:11.962 err] unable to write stats with error code -3
[19-07-2023 16:59:14.965 err] unable to write stats with error code -3
[19-07-2023 16:59:17.968 err] unable to write stats with error code -3
[19-07-2023 16:59:20.971 err] unable to write stats with error code -3
[19-07-2023 16:59:23.974 err] unable to write stats with error code -3
[19-07-2023 16:59:26.976 err] unable to write stats with error code -3
[19-07-2023 16:59:29.979 err] unable to write stats with error code -3
[19-07-2023 16:59:32.028 err] select has been interrupted
[19-07-2023 16:59:32.028 usr] Остановка модуля (процесс 110499, точка web-server)...
[19-07-2023 16:59:32.028 err] unable to specify this point ID as peer ID
[19-07-2023 16:59:32.028 usr] Модуль остановлен
[19-07-2023 16:59:32.028 err] unable to specify this point ID as peer ID
[19-07-2023 16:59:32.028 err] save cache(2012006A, web-server): cache is empty, removing files
[19-07-2023 16:59:32.028 err] unable to write stats with error code -3
[19-07-2023 16:59:32.028 err] terminating point web-server...
